<?xml version="1.0" encoding="UTF-8"?>
<testsuite name="com.andreassamitsch.servusprovider.data.ServusDirectCurrentPolicyTest" tests="3" skipped="0" failures="0" errors="0" timestamp="2026-09-20T16:39:43.903Z" hostname="runnervmlun5p" time="0.002">
  <properties/>
  <testcase name="newsPageUsesEditorialFormatLabels" classname="com.andreassamitsch.servusprovider.data.ServusDirectCurrentPolicyTest" time="0.002"/>
  <testcase name="excludesUnplayableInvalidAndDuplicateCards" classname="com.andreassamitsch.servusprovider.data.ServusDirectCurrentPolicyTest" time="0.0"/>
  <testcase name="separateWegscheiderFeedIgnoresRecommendations" classname="com.andreassamitsch.servusprovider.data.ServusDirectCurrentPolicyTest" time="0.0"/>
  <system-out><![CDATA[]]></system-out>
  <system-err><![CDATA[]]></system-err>
</testsuite>
