<?xml version="1.0" encoding="UTF-8"?>
<testsuite name="com.andreassamitsch.servusprovider.data.ServusCurrentChannelPolicyTest" tests="5" skipped="0" failures="0" errors="0" timestamp="2026-09-03T19:15:29.217Z" hostname="runnervmejwal" time="0.043">
  <properties/>
  <testcase name="observedAvailabilityParticipatesInCurrentOrdering" classname="com.andreassamitsch.servusprovider.data.ServusCurrentChannelPolicyTest" time="0.013"/>
  <testcase name="legacyCurrentShowsAreSelectedByDefault" classname="com.andreassamitsch.servusprovider.data.ServusCurrentChannelPolicyTest" time="0.003"/>
  <testcase name="ninetySecondLegacyEpisodeRequiresDedicatedShowWhenCatalogueProvidesOne" classname="com.andreassamitsch.servusprovider.data.ServusCurrentChannelPolicyTest" time="0.012"/>
  <testcase name="selectedShowWithoutTimestampCannotBePushedOutByTimestampedNews" classname="com.andreassamitsch.servusprovider.data.ServusCurrentChannelPolicyTest" time="0.015"/>
  <testcase name="episodeWithExplicitShowIdFollowsUserSelection" classname="com.andreassamitsch.servusprovider.data.ServusCurrentChannelPolicyTest" time="0.0"/>
  <system-out><![CDATA[]]></system-out>
  <system-err><![CDATA[]]></system-err>
</testsuite>
