<?xml version="1.0" encoding="UTF-8"?>
<testsuite name="com.andreassamitsch.servusprovider.data.ServusBrandingTest" tests="8" skipped="0" failures="0" errors="0" timestamp="2026-09-20T16:39:43.527Z" hostname="runnervmlun5p" time="0.018">
  <properties/>
  <testcase name="missingGenericShowLogoUsesResolvableLazyMarker" classname="com.andreassamitsch.servusprovider.data.ServusBrandingTest" time="0.003"/>
  <testcase name="exactNinetySecondShowIdOverridesAmbiguousEpisodeMetadata" classname="com.andreassamitsch.servusprovider.data.ServusBrandingTest" time="0.006"/>
  <testcase name="ninetySecondLogoUsesCrossProcessContentUri" classname="com.andreassamitsch.servusprovider.data.ServusBrandingTest" time="0.0"/>
  <testcase name="fullNewsAlwaysUsesCanonicalApiTitleTreatment" classname="com.andreassamitsch.servusprovider.data.ServusBrandingTest" time="0.001"/>
  <testcase name="ninetySecondEpisodeOverridesWrongFallbackLogo" classname="com.andreassamitsch.servusprovider.data.ServusBrandingTest" time="0.002"/>
  <testcase name="brandingTransformsAreCanonicalFitWithoutChangingArtwork" classname="com.andreassamitsch.servusprovider.data.ServusBrandingTest" time="0.001"/>
  <testcase name="canonicalizationRepairsLegacyNinetySecondEpisodeWithoutLogo" classname="com.andreassamitsch.servusprovider.data.ServusBrandingTest" time="0.0"/>
  <testcase name="canonicalizationRepairsFullNewsIdNameAndLogoTogether" classname="com.andreassamitsch.servusprovider.data.ServusBrandingTest" time="0.0"/>
  <system-out><![CDATA[]]></system-out>
  <system-err><![CDATA[]]></system-err>
</testsuite>
