<?xml version="1.0" encoding="UTF-8"?>
<testsuite name="com.andreassamitsch.servusprovider.data.ServusCatalogDiagnosticsTest" tests="3" skipped="0" failures="0" errors="0" timestamp="2026-09-03T13:20:15.495Z" hostname="runnervmejwal" time="0.049">
  <properties/>
  <testcase name="diagnosticSanitizerRemovesUrlsAndLineBreaks" classname="com.andreassamitsch.servusprovider.data.ServusCatalogDiagnosticsTest" time="0.006"/>
  <testcase name="categoryDiagnosticExposesCardAndShowCounts" classname="com.andreassamitsch.servusprovider.data.ServusCatalogDiagnosticsTest" time="0.027"/>
  <testcase name="landingDiagnosticShowsCollectionTypeDistribution" classname="com.andreassamitsch.servusprovider.data.ServusCatalogDiagnosticsTest" time="0.014"/>
  <system-out><![CDATA[]]></system-out>
  <system-err><![CDATA[]]></system-err>
</testsuite>
