<?xml version="1.0" encoding="UTF-8"?>
<testsuite name="com.andreassamitsch.servusprovider.api.ServusMediaResourcesTest" tests="3" skipped="0" failures="0" errors="0" timestamp="2026-09-20T16:39:43.162Z" hostname="runnervmlun5p" time="0.129">
  <properties/>
  <testcase name="directUrlStringIsPreserved" classname="com.andreassamitsch.servusprovider.api.ServusMediaResourcesTest" time="0.096"/>
  <testcase name="objectResourcesKeepApiUrlAndOrientation" classname="com.andreassamitsch.servusprovider.api.ServusMediaResourcesTest" time="0.007"/>
  <testcase name="legacyResourceNameArrayRemainsAvailableWithoutInventedMetadata" classname="com.andreassamitsch.servusprovider.api.ServusMediaResourcesTest" time="0.021"/>
  <system-out><![CDATA[]]></system-out>
  <system-err><![CDATA[]]></system-err>
</testsuite>
