<?xml version="1.0" encoding="UTF-8"?>
<testsuite name="com.andreassamitsch.servusprovider.data.ServusSourceKeyTest" tests="3" skipped="0" failures="0" errors="0" timestamp="2026-09-20T16:39:43.977Z" hostname="runnervmlun5p" time="0.005">
  <properties/>
  <testcase name="collectionKeyRoundTripsParentAndCollection" classname="com.andreassamitsch.servusprovider.data.ServusSourceKeyTest" time="0.001"/>
  <testcase name="wholeShowKeyRemainsRawIdForPreferenceCompatibility" classname="com.andreassamitsch.servusprovider.data.ServusSourceKeyTest" time="0.0"/>
  <testcase name="validKeysOnlyExposeContentCollections" classname="com.andreassamitsch.servusprovider.data.ServusSourceKeyTest" time="0.001"/>
  <system-out><![CDATA[]]></system-out>
  <system-err><![CDATA[]]></system-err>
</testsuite>
