<?xml version="1.0" encoding="UTF-8"?>
<testsuite name="com.andreassamitsch.servusprovider.data.ServusCollectionPolicyTest" tests="4" skipped="0" failures="0" errors="0" timestamp="2026-09-20T16:39:43.803Z" hostname="runnervmlun5p" time="0.008">
  <properties/>
  <testcase name="ninetySecondChildCollectionGetsDedicatedStableParent" classname="com.andreassamitsch.servusprovider.data.ServusCollectionPolicyTest" time="0.007"/>
  <testcase name="recommendationRailIsNotContent" classname="com.andreassamitsch.servusprovider.data.ServusCollectionPolicyTest" time="0.0"/>
  <testcase name="apiPlaylistIdentityMarksEpisodeCollectionAsContent" classname="com.andreassamitsch.servusprovider.data.ServusCollectionPolicyTest" time="0.001"/>
  <testcase name="playnetRailIsInfoEvenWithPlayableCards" classname="com.andreassamitsch.servusprovider.data.ServusCollectionPolicyTest" time="0.0"/>
  <system-out><![CDATA[]]></system-out>
  <system-err><![CDATA[]]></system-err>
</testsuite>
