<?xml version="1.0" encoding="UTF-8"?>
<testsuite name="com.andreassamitsch.servusprovider.update.ServusUpdatePolicyTest" tests="2" skipped="0" failures="0" errors="0" timestamp="2026-09-03T13:25:41.696Z" hostname="runnervmgx7h7" time="0.009">
  <properties/>
  <testcase name="metadataUrlGetsCacheBuster" classname="com.andreassamitsch.servusprovider.update.ServusUpdatePolicyTest" time="0.006"/>
  <testcase name="onlyHigherVersionCodeIsAnUpdate" classname="com.andreassamitsch.servusprovider.update.ServusUpdatePolicyTest" time="0.0"/>
  <system-out><![CDATA[]]></system-out>
  <system-err><![CDATA[]]></system-err>
</testsuite>
