<?xml version="1.0" encoding="UTF-8"?>
<testsuite name="com.andreassamitsch.servusprovider.data.ServusSourceTimestampPolicyTest" tests="4" skipped="0" failures="0" errors="0" timestamp="2026-09-01T17:51:15.815Z" hostname="runnervmgx7h7" time="0.001">
  <properties/>
  <testcase name="servusAvailabilityTimestampIsUsed" classname="com.andreassamitsch.servusprovider.data.ServusSourceTimestampPolicyTest" time="0.0"/>
  <testcase name="importTimeIsNeverUsedAsPublicationFallback" classname="com.andreassamitsch.servusprovider.data.ServusSourceTimestampPolicyTest" time="0.0"/>
  <testcase name="broadcastStartIsNeverUsedAsVodPublicationTime" classname="com.andreassamitsch.servusprovider.data.ServusSourceTimestampPolicyTest" time="0.0"/>
  <testcase name="timeEmbeddedInNewsTitleIsNeverUsedAsVodPublicationTime" classname="com.andreassamitsch.servusprovider.data.ServusSourceTimestampPolicyTest" time="0.0"/>
  <system-out><![CDATA[]]></system-out>
  <system-err><![CDATA[]]></system-err>
</testsuite>
