<?xml version="1.0" encoding="UTF-8"?>
<testsuite name="com.andreassamitsch.servusprovider.api.ServusResilientApiTest" tests="6" skipped="0" failures="0" errors="0" timestamp="2026-09-20T16:39:43.296Z" hostname="runnervmlun5p" time="0.222">
  <properties/>
  <testcase name="primarySearchRetriesTransient500AndRecovers" classname="com.andreassamitsch.servusprovider.api.ServusResilientApiTest" time="0.196"/>
  <testcase name="exhaustedSecondarySearchPageBecomesEmptyPaginationPage" classname="com.andreassamitsch.servusprovider.api.ServusResilientApiTest" time="0.006"/>
  <testcase name="exhaustedPrimarySearchPageStillFailsRefresh" classname="com.andreassamitsch.servusprovider.api.ServusResilientApiTest" time="0.002"/>
  <testcase name="transientStatusPolicyCoversServerAndRateLimitResponses" classname="com.andreassamitsch.servusprovider.api.ServusResilientApiTest" time="0.0"/>
  <testcase name="nonTransient403IsNeitherRetriedNorSuppressed" classname="com.andreassamitsch.servusprovider.api.ServusResilientApiTest" time="0.001"/>
  <testcase name="productRequestsAlsoRetryTransientServerErrors" classname="com.andreassamitsch.servusprovider.api.ServusResilientApiTest" time="0.009"/>
  <system-out><![CDATA[]]></system-out>
  <system-err><![CDATA[]]></system-err>
</testsuite>
