<?xml version="1.0" encoding="UTF-8"?>
<testsuite name="com.andreassamitsch.servusprovider.data.ServusEditorialShowPolicyTest" tests="4" skipped="0" failures="0" errors="0" timestamp="2026-09-20T16:39:43.915Z" hostname="runnervmlun5p" time="0.011">
  <properties/>
  <testcase name="normalReferenceRailIsAllowedForOpenedShow" classname="com.andreassamitsch.servusprovider.data.ServusEditorialShowPolicyTest" time="0.001"/>
  <testcase name="obviousRecommendationReferenceRailIsRejected" classname="com.andreassamitsch.servusprovider.data.ServusEditorialShowPolicyTest" time="0.0"/>
  <testcase name="FleischhackerAliasDoesNotRelaxOtherShows" classname="com.andreassamitsch.servusprovider.data.ServusEditorialShowPolicyTest" time="0.0"/>
  <testcase name="FleischhackerWebAliasMatchesStableShowProduct" classname="com.andreassamitsch.servusprovider.data.ServusEditorialShowPolicyTest" time="0.007"/>
  <system-out><![CDATA[]]></system-out>
  <system-err><![CDATA[]]></system-err>
</testsuite>
