<?xml version="1.0" encoding="UTF-8"?>
<testsuite name="com.andreassamitsch.servusprovider.data.ServusCurrentRefreshPolicyTest" tests="3" skipped="0" failures="0" errors="0" timestamp="2026-09-20T16:39:43.872Z" hostname="runnervmlun5p" time="0.012">
  <properties/>
  <testcase name="preservesCandidateOrderForCachedAndUnknownItems" classname="com.andreassamitsch.servusprovider.data.ServusCurrentRefreshPolicyTest" time="0.004"/>
  <testcase name="reusesCachedCandidatesAndLoadsOnlyUnknownIds" classname="com.andreassamitsch.servusprovider.data.ServusCurrentRefreshPolicyTest" time="0.0"/>
  <testcase name="collectionHintRepairsCachedNinetySecondIdentityWithoutReloadingProduct" classname="com.andreassamitsch.servusprovider.data.ServusCurrentRefreshPolicyTest" time="0.007"/>
  <system-out><![CDATA[]]></system-out>
  <system-err><![CDATA[]]></system-err>
</testsuite>
