<?xml version="1.0" encoding="UTF-8"?>
<testsuite name="com.andreassamitsch.servusprovider.data.ServusLogoPolicyTest" tests="3" skipped="0" failures="0" errors="0" timestamp="2026-09-20T16:39:43.928Z" hostname="runnervmlun5p" time="0.004">
  <properties/>
  <testcase name="plainLogoResourceIsAcceptedAsFallback" classname="com.andreassamitsch.servusprovider.data.ServusLogoPolicyTest" time="0.0"/>
  <testcase name="artworkLikeLogoResourceIsNotMistakenForTransparentWordmark" classname="com.andreassamitsch.servusprovider.data.ServusLogoPolicyTest" time="0.0"/>
  <testcase name="wordmarkIsAcceptedAsShowLogoWithoutCropTransform" classname="com.andreassamitsch.servusprovider.data.ServusLogoPolicyTest" time="0.001"/>
  <system-out><![CDATA[]]></system-out>
  <system-err><![CDATA[]]></system-err>
</testsuite>
