<?xml version="1.0" encoding="UTF-8"?>
<testsuite name="com.andreassamitsch.servusprovider.data.ServusEditorialAugmentationTest" tests="2" skipped="0" failures="0" errors="0" timestamp="2026-09-20T16:39:43.910Z" hostname="runnervmlun5p" time="0.003">
  <properties/>
  <testcase name="weatherNinetySecondShowIsInsertedAfterMainWeatherWithoutDuplicate" classname="com.andreassamitsch.servusprovider.data.ServusEditorialAugmentationTest" time="0.003"/>
  <testcase name="existingWeatherNinetySecondProductIsCanonicalizedButNotDuplicated" classname="com.andreassamitsch.servusprovider.data.ServusEditorialAugmentationTest" time="0.0"/>
  <system-out><![CDATA[]]></system-out>
  <system-err><![CDATA[]]></system-err>
</testsuite>
