<?xml version="1.0" encoding="UTF-8"?>
<testsuite name="com.andreassamitsch.servusprovider.data.ServusCurrentShowMetadataPolicyTest" tests="2" skipped="0" failures="0" errors="0" timestamp="2026-09-03T19:15:29.272Z" hostname="runnervmejwal" time="0.001">
  <properties/>
  <testcase name="enrichesSupportedCurrentEpisodesWithMatchingShowLogo" classname="com.andreassamitsch.servusprovider.data.ServusCurrentShowMetadataPolicyTest" time="0.0"/>
  <testcase name="keepsEpisodeUnchangedWhenNoMatchingShowExists" classname="com.andreassamitsch.servusprovider.data.ServusCurrentShowMetadataPolicyTest" time="0.0"/>
  <system-out><![CDATA[]]></system-out>
  <system-err><![CDATA[]]></system-err>
</testsuite>
