<?xml version="1.0" encoding="UTF-8"?>
<testsuite name="com.andreassamitsch.servusprovider.data.ServusCurrentRefreshPolicyTest" tests="2" skipped="0" failures="0" errors="0" timestamp="2026-09-03T17:30:35.651Z" hostname="runnervmejwal" time="0.008">
  <properties/>
  <testcase name="preservesCandidateOrderForCachedAndUnknownItems" classname="com.andreassamitsch.servusprovider.data.ServusCurrentRefreshPolicyTest" time="0.003"/>
  <testcase name="reusesCachedCandidatesAndLoadsOnlyUnknownIds" classname="com.andreassamitsch.servusprovider.data.ServusCurrentRefreshPolicyTest" time="0.002"/>
  <system-out><![CDATA[]]></system-out>
  <system-err><![CDATA[]]></system-err>
</testsuite>
