<?xml version="1.0" encoding="UTF-8"?>
<testsuite name="com.andreassamitsch.servusprovider.data.ServusBrandingUriTest" tests="1" skipped="0" failures="0" errors="0" timestamp="2026-09-20T16:39:43.552Z" hostname="runnervmlun5p" time="0.003">
  <properties/>
  <testcase name="recognizes current and legacy bundled 90-second logo markers" classname="com.andreassamitsch.servusprovider.data.ServusBrandingUriTest" time="0.0"/>
  <system-out><![CDATA[]]></system-out>
  <system-err><![CDATA[]]></system-err>
</testsuite>
