<?xml version="1.0" encoding="UTF-8"?>
<testsuite name="com.andreassamitsch.servusprovider.data.ServusCurrentShowMetadataPolicyTest" tests="5" skipped="0" failures="0" errors="0" timestamp="2026-09-20T16:39:43.892Z" hostname="runnervmlun5p" time="0.005">
  <properties/>
  <testcase name="unknownEpisodeRemainsWithoutInventedShowIdentity" classname="com.andreassamitsch.servusprovider.data.ServusCurrentShowMetadataPolicyTest" time="0.001"/>
  <testcase name="enrichesSupportedCurrentEpisodesWithCanonicalNewsLogos" classname="com.andreassamitsch.servusprovider.data.ServusCurrentShowMetadataPolicyTest" time="0.0"/>
  <testcase name="dev34TopicalNinetySecondCacheIsRepairedFromDedicatedShowMembership" classname="com.andreassamitsch.servusprovider.data.ServusCurrentShowMetadataPolicyTest" time="0.0"/>
  <testcase name="ninetySecondMetadataOverridesStaleGenericNewsIdentityAndLogo" classname="com.andreassamitsch.servusprovider.data.ServusCurrentShowMetadataPolicyTest" time="0.0"/>
  <testcase name="fullNewsGetsCanonicalLogoEvenBeforeCatalogIsAvailable" classname="com.andreassamitsch.servusprovider.data.ServusCurrentShowMetadataPolicyTest" time="0.0"/>
  <system-out><![CDATA[]]></system-out>
  <system-err><![CDATA[]]></system-err>
</testsuite>
